<?xml version="1.0" encoding="UTF-8"?>
<!-- Generated by org.testng.reporters.JUnitXMLReporter -->
<testsuite hostname="CYBER_SPACE" ignored="0" name="EBFS App Test Cases" tests="4" failures="0" timestamp="12 Jul 2020 05:54:55 GMT" time="42.897" errors="0">
  <testcase name="verifyHomePageTitleTest" time="0.132" classname="com.ebfs.qa.testcases.HomePageTest"/>
  <testcase name="verifyContactsPageLabel" time="1.66" classname="com.ebfs.qa.testcases.ContactsPageTest"/>
  <testcase name="verifyLogoTest" time="0.052" classname="com.ebfs.qa.testcases.HomePageTest"/>
  <testcase name="verifyContactUsLinkTest" time="2.456" classname="com.ebfs.qa.testcases.HomePageTest"/>
</testsuite> <!-- EBFS App Test Cases -->
