<?xml version="1.0" encoding="UTF-8"?>
<!-- Generated by org.testng.reporters.JUnitXMLReporter -->
<testsuite ignored="1" hostname="LAPTOP-89JUI0BR" failures="0" tests="1" name="EBFS App Test Cases" time="22.98" errors="0" timestamp="11 Oct 2020 13:08:35 GMT">
  <testcase classname="com.ebfs.qa.testcases.SignInSignUpTest" name="signUp" time="4.458"/>
  <testcase classname="com.ebfs.qa.testcases.SignInSignUpTest" name="signIn" time="0.0">
    <ignored/>
  </testcase> <!-- signIn -->
</testsuite> <!-- EBFS App Test Cases -->
