<?xml version="1.0" encoding="UTF-8"?>
<testng-results skipped="0" failed="0" ignored="0" total="4" passed="4">
  <reporter-output>
  </reporter-output>
  <suite name="EBFS Application Test Automation Test Suite" duration-ms="42897" started-at="2020-07-12T05:54:12Z" finished-at="2020-07-12T05:54:55Z">
    <groups>
    </groups>
    <test name="EBFS App Test Cases" duration-ms="42897" started-at="2020-07-12T05:54:12Z" finished-at="2020-07-12T05:54:55Z">
      <class name="com.ebfs.qa.testcases.ContactsPageTest">
        <test-method status="PASS" signature="setUp()[pri:0, instance:com.ebfs.qa.testcases.ContactsPageTest@1ed4004b]" name="setUp" is-config="true" duration-ms="10267" started-at="2020-07-12T05:54:22Z" finished-at="2020-07-12T05:54:32Z">
          <reporter-output>
          </reporter-output>
        </test-method> <!-- setUp -->
        <test-method status="PASS" signature="verifyContactsPageLabel()[pri:1, instance:com.ebfs.qa.testcases.ContactsPageTest@1ed4004b]" name="verifyContactsPageLabel" duration-ms="1660" started-at="2020-07-12T05:54:32Z" finished-at="2020-07-12T05:54:34Z">
          <reporter-output>
          </reporter-output>
        </test-method> <!-- verifyContactsPageLabel -->
        <test-method status="PASS" signature="tearDown()[pri:0, instance:com.ebfs.qa.testcases.ContactsPageTest@1ed4004b]" name="tearDown" is-config="true" duration-ms="649" started-at="2020-07-12T05:54:34Z" finished-at="2020-07-12T05:54:34Z">
          <reporter-output>
          </reporter-output>
        </test-method> <!-- tearDown -->
      </class> <!-- com.ebfs.qa.testcases.ContactsPageTest -->
      <class name="com.ebfs.qa.testcases.HomePageTest">
        <test-method status="PASS" signature="setUp()[pri:0, instance:com.ebfs.qa.testcases.HomePageTest@4566e5bd]" name="setUp" is-config="true" duration-ms="9197" started-at="2020-07-12T05:54:12Z" finished-at="2020-07-12T05:54:21Z">
          <reporter-output>
          </reporter-output>
        </test-method> <!-- setUp -->
        <test-method status="PASS" signature="verifyHomePageTitleTest()[pri:1, instance:com.ebfs.qa.testcases.HomePageTest@4566e5bd]" name="verifyHomePageTitleTest" duration-ms="132" started-at="2020-07-12T05:54:21Z" finished-at="2020-07-12T05:54:21Z">
          <reporter-output>
          </reporter-output>
        </test-method> <!-- verifyHomePageTitleTest -->
        <test-method status="PASS" signature="tearDown()[pri:0, instance:com.ebfs.qa.testcases.HomePageTest@4566e5bd]" name="tearDown" is-config="true" duration-ms="621" started-at="2020-07-12T05:54:21Z" finished-at="2020-07-12T05:54:22Z">
          <reporter-output>
          </reporter-output>
        </test-method> <!-- tearDown -->
        <test-method status="PASS" signature="setUp()[pri:0, instance:com.ebfs.qa.testcases.HomePageTest@4566e5bd]" name="setUp" is-config="true" duration-ms="8393" started-at="2020-07-12T05:54:34Z" finished-at="2020-07-12T05:54:43Z">
          <reporter-output>
          </reporter-output>
        </test-method> <!-- setUp -->
        <test-method status="PASS" signature="verifyLogoTest()[pri:2, instance:com.ebfs.qa.testcases.HomePageTest@4566e5bd]" name="verifyLogoTest" duration-ms="52" started-at="2020-07-12T05:54:43Z" finished-at="2020-07-12T05:54:43Z">
          <reporter-output>
          </reporter-output>
        </test-method> <!-- verifyLogoTest -->
        <test-method status="PASS" signature="tearDown()[pri:0, instance:com.ebfs.qa.testcases.HomePageTest@4566e5bd]" name="tearDown" is-config="true" duration-ms="649" started-at="2020-07-12T05:54:43Z" finished-at="2020-07-12T05:54:43Z">
          <reporter-output>
          </reporter-output>
        </test-method> <!-- tearDown -->
        <test-method status="PASS" signature="setUp()[pri:0, instance:com.ebfs.qa.testcases.HomePageTest@4566e5bd]" name="setUp" is-config="true" duration-ms="8078" started-at="2020-07-12T05:54:43Z" finished-at="2020-07-12T05:54:51Z">
          <reporter-output>
          </reporter-output>
        </test-method> <!-- setUp -->
        <test-method status="PASS" signature="verifyContactUsLinkTest()[pri:3, instance:com.ebfs.qa.testcases.HomePageTest@4566e5bd]" name="verifyContactUsLinkTest" duration-ms="2456" started-at="2020-07-12T05:54:51Z" finished-at="2020-07-12T05:54:54Z">
          <reporter-output>
          </reporter-output>
        </test-method> <!-- verifyContactUsLinkTest -->
        <test-method status="PASS" signature="tearDown()[pri:0, instance:com.ebfs.qa.testcases.HomePageTest@4566e5bd]" name="tearDown" is-config="true" duration-ms="708" started-at="2020-07-12T05:54:54Z" finished-at="2020-07-12T05:54:55Z">
          <reporter-output>
          </reporter-output>
        </test-method> <!-- tearDown -->
      </class> <!-- com.ebfs.qa.testcases.HomePageTest -->
    </test> <!-- EBFS App Test Cases -->
  </suite> <!-- EBFS Application Test Automation Test Suite -->
</testng-results>
