<?xml version="1.0" encoding="UTF-8"?>
<testng-results ignored="1" total="2" passed="1" failed="0" skipped="0">
  <reporter-output>
  </reporter-output>
  <suite started-at="2020-10-11T13:08:12Z" name="EBFS Application Test Automation Test Suite" finished-at="2020-10-11T13:08:35Z" duration-ms="22980">
    <groups>
    </groups>
    <test started-at="2020-10-11T13:08:12Z" name="EBFS App Test Cases" finished-at="2020-10-11T13:08:35Z" duration-ms="22980">
      <class name="com.ebfs.qa.testcases.SignInSignUpTest">
        <test-method is-config="true" signature="setUp()[pri:0, instance:com.ebfs.qa.testcases.SignInSignUpTest@3972a855]" started-at="2020-10-11T13:08:12Z" name="setUp" finished-at="2020-10-11T13:08:25Z" duration-ms="12584" status="PASS">
          <reporter-output>
          </reporter-output>
        </test-method> <!-- setUp -->
        <test-method signature="signUp()[pri:1, instance:com.ebfs.qa.testcases.SignInSignUpTest@3972a855]" started-at="2020-10-11T13:08:25Z" name="signUp" finished-at="2020-10-11T13:08:29Z" duration-ms="4458" status="PASS">
          <reporter-output>
          </reporter-output>
        </test-method> <!-- signUp -->
        <test-method is-config="true" signature="tearDown()[pri:0, instance:com.ebfs.qa.testcases.SignInSignUpTest@3972a855]" started-at="2020-10-11T13:08:29Z" name="tearDown" finished-at="2020-10-11T13:08:35Z" duration-ms="5868" status="PASS">
          <reporter-output>
          </reporter-output>
        </test-method> <!-- tearDown -->
      </class> <!-- com.ebfs.qa.testcases.SignInSignUpTest -->
    </test> <!-- EBFS App Test Cases -->
  </suite> <!-- EBFS Application Test Automation Test Suite -->
</testng-results>
